mode: set
back-end-golang/repositories/history_seen_station.go:21.80,23.2 1 0
back-end-golang/repositories/history_seen_station.go:25.137,31.16 3 0
back-end-golang/repositories/history_seen_station.go:35.2,39.35 3 0
back-end-golang/repositories/history_seen_station.go:31.16,33.3 1 0
back-end-golang/repositories/history_seen_station.go:42.157,46.2 3 0
back-end-golang/repositories/history_seen_station.go:48.146,51.2 2 0
back-end-golang/repositories/history_seen_station.go:53.146,56.2 2 0
back-end-golang/repositories/history_seen_station.go:58.146,61.2 2 0
back-end-golang/repositories/hotel_room.go:25.62,27.2 1 0
back-end-golang/repositories/hotel_room.go:31.98,37.16 3 0
back-end-golang/repositories/hotel_room.go:41.2,45.36 3 0
back-end-golang/repositories/hotel_room.go:37.16,39.3 1 0
back-end-golang/repositories/hotel_room.go:48.93,52.2 3 0
back-end-golang/repositories/hotel_room.go:54.100,58.2 3 0
back-end-golang/repositories/hotel_room.go:60.88,64.2 3 0
back-end-golang/repositories/hotel_room.go:66.83,70.2 3 0
back-end-golang/repositories/hotel_room.go:72.84,76.2 3 0
back-end-golang/repositories/hotel_room.go:78.101,81.2 2 0
back-end-golang/repositories/hotel_room.go:83.101,86.2 2 0
back-end-golang/repositories/hotel_room.go:88.62,92.2 3 0
back-end-golang/repositories/payment.go:22.58,24.2 1 0
back-end-golang/repositories/payment.go:28.92,34.16 3 0
back-end-golang/repositories/payment.go:38.2,42.34 3 0
back-end-golang/repositories/payment.go:34.16,36.3 1 0
back-end-golang/repositories/payment.go:45.77,49.2 3 0
back-end-golang/repositories/payment.go:51.78,55.2 3 0
back-end-golang/repositories/payment.go:57.91,60.2 2 0
back-end-golang/repositories/payment.go:62.91,65.2 2 0
back-end-golang/repositories/payment.go:67.58,71.2 3 0
back-end-golang/repositories/station.go:23.58,25.2 1 0
back-end-golang/repositories/station.go:29.92,35.16 3 0
back-end-golang/repositories/station.go:39.2,43.34 3 0
back-end-golang/repositories/station.go:35.16,37.3 1 0
back-end-golang/repositories/station.go:46.114,56.2 6 0
back-end-golang/repositories/station.go:58.77,62.2 3 0
back-end-golang/repositories/station.go:64.78,68.2 3 0
back-end-golang/repositories/station.go:70.91,73.2 2 0
back-end-golang/repositories/station.go:75.91,78.2 2 0
back-end-golang/repositories/station.go:80.58,86.2 5 0
back-end-golang/repositories/template_message.go:21.74,23.2 1 0
back-end-golang/repositories/template_message.go:27.116,33.16 3 0
back-end-golang/repositories/template_message.go:37.2,41.35 3 0
back-end-golang/repositories/template_message.go:33.16,35.3 1 0
back-end-golang/repositories/template_message.go:44.101,48.2 3 0
back-end-golang/repositories/template_message.go:50.124,53.2 2 0
back-end-golang/repositories/template_message.go:55.117,58.2 2 0
back-end-golang/repositories/template_message.go:60.67,64.2 3 0
back-end-golang/repositories/ticket_traveler_detail.go:24.84,26.2 1 0
back-end-golang/repositories/ticket_traveler_detail.go:28.116,35.16 3 0
back-end-golang/repositories/ticket_traveler_detail.go:39.2,39.47 1 0
back-end-golang/repositories/ticket_traveler_detail.go:35.16,37.3 1 0
back-end-golang/repositories/ticket_traveler_detail.go:42.116,46.2 3 0
back-end-golang/repositories/ticket_traveler_detail.go:48.156,52.2 3 0
back-end-golang/repositories/ticket_traveler_detail.go:54.129,58.2 3 0
back-end-golang/repositories/ticket_traveler_detail.go:60.157,64.2 3 0
back-end-golang/repositories/ticket_traveler_detail.go:66.156,69.2 2 0
back-end-golang/repositories/ticket_traveler_detail.go:71.156,74.2 2 0
back-end-golang/repositories/ticket_traveler_detail.go:76.156,79.2 2 0
back-end-golang/repositories/article.go:22.58,24.2 1 1
back-end-golang/repositories/article.go:28.92,34.16 3 1
back-end-golang/repositories/article.go:38.2,42.34 3 1
back-end-golang/repositories/article.go:34.16,36.3 1 0
back-end-golang/repositories/article.go:45.77,49.2 3 1
back-end-golang/repositories/article.go:51.91,54.2 2 1
back-end-golang/repositories/article.go:56.91,59.2 2 1
back-end-golang/repositories/article.go:61.58,65.2 3 0
back-end-golang/repositories/article.go:67.63,71.2 3 1
back-end-golang/repositories/train_carriage.go:27.70,29.2 1 0
back-end-golang/repositories/train_carriage.go:33.110,39.16 3 0
back-end-golang/repositories/train_carriage.go:43.2,47.40 3 0
back-end-golang/repositories/train_carriage.go:39.16,41.3 1 0
back-end-golang/repositories/train_carriage.go:50.91,55.16 3 0
back-end-golang/repositories/train_carriage.go:59.2,59.28 1 0
back-end-golang/repositories/train_carriage.go:55.16,57.3 1 0
back-end-golang/repositories/train_carriage.go:62.95,66.2 3 0
back-end-golang/repositories/train_carriage.go:68.96,72.2 3 0
back-end-golang/repositories/train_carriage.go:74.112,78.2 3 0
back-end-golang/repositories/train_carriage.go:80.80,84.2 3 0
back-end-golang/repositories/train_carriage.go:86.84,90.2 3 0
back-end-golang/repositories/train_carriage.go:92.98,96.2 3 0
back-end-golang/repositories/train_carriage.go:98.121,101.2 2 0
back-end-golang/repositories/train_carriage.go:103.121,106.2 2 0
back-end-golang/repositories/train_carriage.go:108.70,112.2 3 0
back-end-golang/repositories/history_search.go:20.70,22.2 1 0
back-end-golang/repositories/history_search.go:24.103,28.2 3 0
back-end-golang/repositories/history_search.go:30.127,34.16 4 0
back-end-golang/repositories/history_search.go:38.2,42.39 3 0
back-end-golang/repositories/history_search.go:34.16,36.3 1 0
back-end-golang/repositories/history_search.go:45.121,48.2 2 0
back-end-golang/repositories/history_search.go:50.78,54.2 3 0
back-end-golang/repositories/hotel_image.go:22.64,24.2 1 0
back-end-golang/repositories/hotel_image.go:28.101,34.16 3 0
back-end-golang/repositories/hotel_image.go:38.2,42.32 3 0
back-end-golang/repositories/hotel_image.go:34.16,36.3 1 0
back-end-golang/repositories/hotel_image.go:45.91,49.2 3 0
back-end-golang/repositories/hotel_image.go:51.86,55.2 3 0
back-end-golang/repositories/hotel_image.go:57.106,60.2 2 0
back-end-golang/repositories/hotel_image.go:62.106,65.2 2 0
back-end-golang/repositories/hotel_image.go:67.64,71.2 3 0
back-end-golang/repositories/hotel_policies.go:21.70,23.2 1 0
back-end-golang/repositories/hotel_policies.go:27.109,33.16 3 0
back-end-golang/repositories/hotel_policies.go:37.2,41.39 3 0
back-end-golang/repositories/hotel_policies.go:33.16,35.3 1 0
back-end-golang/repositories/hotel_policies.go:44.100,48.2 3 0
back-end-golang/repositories/hotel_policies.go:50.121,53.2 2 0
back-end-golang/repositories/hotel_policies.go:55.121,58.2 2 0
back-end-golang/repositories/hotel_policies.go:60.70,64.2 3 0
back-end-golang/repositories/train_station.go:24.68,26.2 1 0
back-end-golang/repositories/train_station.go:30.107,36.16 3 0
back-end-golang/repositories/train_station.go:40.2,44.39 3 0
back-end-golang/repositories/train_station.go:36.16,38.3 1 0
back-end-golang/repositories/train_station.go:47.92,51.2 3 0
back-end-golang/repositories/train_station.go:53.122,57.2 3 0
back-end-golang/repositories/train_station.go:59.123,63.2 3 0
back-end-golang/repositories/train_station.go:65.116,68.2 2 0
back-end-golang/repositories/train_station.go:70.116,73.2 2 0
back-end-golang/repositories/train_station.go:75.93,78.2 2 0
back-end-golang/repositories/train_station.go:80.72,83.2 2 0
back-end-golang/repositories/traveler_detail.go:22.72,24.2 1 0
back-end-golang/repositories/traveler_detail.go:26.113,32.16 3 0
back-end-golang/repositories/traveler_detail.go:36.2,40.41 3 0
back-end-golang/repositories/traveler_detail.go:32.16,34.3 1 0
back-end-golang/repositories/traveler_detail.go:43.98,47.2 3 0
back-end-golang/repositories/traveler_detail.go:49.123,53.2 3 0
back-end-golang/repositories/traveler_detail.go:55.111,59.2 3 0
back-end-golang/repositories/traveler_detail.go:61.120,65.2 3 0
back-end-golang/repositories/traveler_detail.go:67.126,70.2 2 0
back-end-golang/repositories/dashboard.go:18.62,20.2 1 0
back-end-golang/repositories/dashboard.go:22.164,28.16 5 0
back-end-golang/repositories/dashboard.go:32.2,34.16 3 0
back-end-golang/repositories/dashboard.go:39.2,44.16 4 0
back-end-golang/repositories/dashboard.go:48.2,52.16 5 0
back-end-golang/repositories/dashboard.go:57.2,58.16 2 0
back-end-golang/repositories/dashboard.go:62.2,67.16 5 0
back-end-golang/repositories/dashboard.go:70.2,73.16 3 0
back-end-golang/repositories/dashboard.go:78.2,79.16 2 0
back-end-golang/repositories/dashboard.go:83.2,88.16 5 0
back-end-golang/repositories/dashboard.go:91.2,94.16 3 0
back-end-golang/repositories/dashboard.go:99.2,100.16 2 0
back-end-golang/repositories/dashboard.go:104.2,104.228 1 0
back-end-golang/repositories/dashboard.go:28.16,30.3 1 0
back-end-golang/repositories/dashboard.go:34.16,36.3 1 0
back-end-golang/repositories/dashboard.go:44.16,46.3 1 0
back-end-golang/repositories/dashboard.go:52.16,54.3 1 0
back-end-golang/repositories/dashboard.go:58.16,60.3 1 0
back-end-golang/repositories/dashboard.go:67.16,69.3 1 0
back-end-golang/repositories/dashboard.go:73.16,75.3 1 0
back-end-golang/repositories/dashboard.go:79.16,81.3 1 0
back-end-golang/repositories/dashboard.go:88.16,90.3 1 0
back-end-golang/repositories/dashboard.go:94.16,96.3 1 0
back-end-golang/repositories/dashboard.go:100.16,102.3 1 0
back-end-golang/repositories/hotel.go:23.54,25.2 1 0
back-end-golang/repositories/hotel.go:29.86,35.16 3 0
back-end-golang/repositories/hotel.go:39.2,43.32 3 0
back-end-golang/repositories/hotel.go:35.16,37.3 1 0
back-end-golang/repositories/hotel.go:46.71,50.2 3 0
back-end-golang/repositories/hotel.go:52.72,56.2 3 0
back-end-golang/repositories/hotel.go:58.81,61.2 2 0
back-end-golang/repositories/hotel.go:63.81,66.2 2 0
back-end-golang/repositories/hotel.go:68.54,72.2 3 0
back-end-golang/repositories/hotel.go:74.116,81.33 2 0
back-end-golang/repositories/hotel.go:84.2,84.33 1 0
back-end-golang/repositories/hotel.go:87.2,87.33 1 0
back-end-golang/repositories/hotel.go:90.2,90.33 1 0
back-end-golang/repositories/hotel.go:94.2,94.16 1 0
back-end-golang/repositories/hotel.go:98.2,100.33 2 0
back-end-golang/repositories/hotel.go:103.2,103.33 1 0
back-end-golang/repositories/hotel.go:106.2,106.33 1 0
back-end-golang/repositories/hotel.go:109.2,109.33 1 0
back-end-golang/repositories/hotel.go:113.2,113.32 1 0
back-end-golang/repositories/hotel.go:81.33,83.3 1 0
back-end-golang/repositories/hotel.go:84.33,86.3 1 0
back-end-golang/repositories/hotel.go:87.33,89.3 1 0
back-end-golang/repositories/hotel.go:90.33,92.3 1 0
back-end-golang/repositories/hotel.go:94.16,96.3 1 0
back-end-golang/repositories/hotel.go:100.33,102.3 1 0
back-end-golang/repositories/hotel.go:103.33,105.3 1 0
back-end-golang/repositories/hotel.go:106.33,108.3 1 0
back-end-golang/repositories/hotel.go:109.33,111.3 1 0
back-end-golang/repositories/hotel_facilities.go:22.74,24.2 1 0
back-end-golang/repositories/hotel_facilities.go:28.115,34.16 3 0
back-end-golang/repositories/hotel_facilities.go:38.2,42.32 3 0
back-end-golang/repositories/hotel_facilities.go:34.16,36.3 1 0
back-end-golang/repositories/hotel_facilities.go:45.106,49.2 3 0
back-end-golang/repositories/hotel_facilities.go:51.101,55.2 3 0
back-end-golang/repositories/hotel_facilities.go:57.131,60.2 2 0
back-end-golang/repositories/hotel_facilities.go:62.131,65.2 2 0
back-end-golang/repositories/hotel_facilities.go:67.74,71.2 3 0
back-end-golang/repositories/hotel_order.go:28.64,30.2 1 0
back-end-golang/repositories/hotel_order.go:32.126,38.17 2 0
back-end-golang/repositories/hotel_order.go:51.2,51.16 1 0
back-end-golang/repositories/hotel_order.go:55.2,57.17 2 0
back-end-golang/repositories/hotel_order.go:71.2,71.37 1 0
back-end-golang/repositories/hotel_order.go:38.17,39.19 1 0
back-end-golang/repositories/hotel_order.go:39.19,41.4 1 0
back-end-golang/repositories/hotel_order.go:41.9,43.4 1 0
back-end-golang/repositories/hotel_order.go:44.8,45.19 1 0
back-end-golang/repositories/hotel_order.go:45.19,47.4 1 0
back-end-golang/repositories/hotel_order.go:47.9,49.4 1 0
back-end-golang/repositories/hotel_order.go:51.16,53.3 1 0
back-end-golang/repositories/hotel_order.go:57.17,58.19 1 0
back-end-golang/repositories/hotel_order.go:58.19,60.4 1 0
back-end-golang/repositories/hotel_order.go:60.9,62.4 1 0
back-end-golang/repositories/hotel_order.go:63.8,64.19 1 0
back-end-golang/repositories/hotel_order.go:64.19,66.4 1 0
back-end-golang/repositories/hotel_order.go:66.9,68.4 1 0
back-end-golang/repositories/hotel_order.go:74.118,76.17 2 0
back-end-golang/repositories/hotel_order.go:80.2,81.24 2 0
back-end-golang/repositories/hotel_order.go:76.17,79.3 2 0
back-end-golang/repositories/hotel_order.go:84.94,86.17 2 0
back-end-golang/repositories/hotel_order.go:90.2,91.24 2 0
back-end-golang/repositories/hotel_order.go:86.17,89.3 2 0
back-end-golang/repositories/hotel_order.go:94.103,96.17 2 0
back-end-golang/repositories/hotel_order.go:100.2,101.24 2 0
back-end-golang/repositories/hotel_order.go:96.17,99.3 2 0
back-end-golang/repositories/hotel_order.go:104.91,108.2 3 0
back-end-golang/repositories/hotel_order.go:110.106,113.2 2 0
back-end-golang/repositories/hotel_order.go:115.123,118.2 2 0
back-end-golang/repositories/hotel_order.go:120.106,123.2 2 0
back-end-golang/repositories/hotel_order.go:125.123,128.2 2 0
back-end-golang/repositories/hotel_order.go:130.106,133.2 2 0
back-end-golang/repositories/hotel_order.go:135.77,143.16 6 0
back-end-golang/repositories/hotel_order.go:146.2,146.27 1 0
back-end-golang/repositories/hotel_order.go:143.16,145.3 1 0
back-end-golang/repositories/hotel_ratings.go:24.68,26.2 1 0
back-end-golang/repositories/hotel_ratings.go:30.112,34.2 2 0
back-end-golang/repositories/hotel_ratings.go:35.148,42.16 4 0
back-end-golang/repositories/hotel_ratings.go:45.2,46.25 2 0
back-end-golang/repositories/hotel_ratings.go:63.2,63.38 1 0
back-end-golang/repositories/hotel_ratings.go:67.2,67.52 1 0
back-end-golang/repositories/hotel_ratings.go:42.16,44.3 1 0
back-end-golang/repositories/hotel_ratings.go:46.25,51.3 1 0
back-end-golang/repositories/hotel_ratings.go:51.8,51.32 1 0
back-end-golang/repositories/hotel_ratings.go:51.32,56.3 1 0
back-end-golang/repositories/hotel_ratings.go:56.8,61.3 1 0
back-end-golang/repositories/hotel_ratings.go:63.38,65.3 1 0
back-end-golang/repositories/hotel_ratings.go:69.97,73.2 3 0
back-end-golang/repositories/hotel_ratings.go:74.94,77.16 3 0
back-end-golang/repositories/hotel_ratings.go:80.2,80.18 1 0
back-end-golang/repositories/hotel_ratings.go:77.16,79.3 1 0
back-end-golang/repositories/hotel_ratings.go:82.130,89.16 3 0
back-end-golang/repositories/hotel_ratings.go:102.2,106.38 3 0
back-end-golang/repositories/hotel_ratings.go:89.16,91.3 1 0
back-end-golang/repositories/hotel_ratings.go:108.109,116.2 3 0
back-end-golang/repositories/hotel_room_facilities.go:24.82,26.2 1 0
back-end-golang/repositories/hotel_room_facilities.go:30.127,36.16 3 0
back-end-golang/repositories/hotel_room_facilities.go:40.2,44.31 3 0
back-end-golang/repositories/hotel_room_facilities.go:36.16,38.3 1 0
back-end-golang/repositories/hotel_room_facilities.go:47.118,51.2 3 0
back-end-golang/repositories/hotel_room_facilities.go:53.123,57.2 3 0
back-end-golang/repositories/hotel_room_facilities.go:59.127,63.2 3 0
back-end-golang/repositories/hotel_room_facilities.go:65.113,69.2 3 0
back-end-golang/repositories/hotel_room_facilities.go:71.146,74.2 2 0
back-end-golang/repositories/hotel_room_facilities.go:76.146,79.2 2 0
back-end-golang/repositories/hotel_room_facilities.go:81.82,85.2 3 0
back-end-golang/repositories/hotel_room_image.go:23.72,25.2 1 0
back-end-golang/repositories/hotel_room_image.go:29.113,35.16 3 0
back-end-golang/repositories/hotel_room_image.go:39.2,43.32 3 0
back-end-golang/repositories/hotel_room_image.go:35.16,37.3 1 0
back-end-golang/repositories/hotel_room_image.go:46.103,50.2 3 0
back-end-golang/repositories/hotel_room_image.go:52.108,56.2 3 0
back-end-golang/repositories/hotel_room_image.go:58.98,62.2 3 0
back-end-golang/repositories/hotel_room_image.go:64.121,67.2 2 0
back-end-golang/repositories/hotel_room_image.go:69.121,72.2 2 0
back-end-golang/repositories/hotel_room_image.go:74.72,78.2 3 0
back-end-golang/repositories/notification.go:18.68,20.2 1 0
back-end-golang/repositories/notification.go:24.97,28.2 3 0
back-end-golang/repositories/notification.go:30.115,33.2 2 0
back-end-golang/repositories/history_seen_hotel.go:21.76,23.2 1 0
back-end-golang/repositories/history_seen_hotel.go:25.131,31.16 3 0
back-end-golang/repositories/history_seen_hotel.go:35.2,39.35 3 0
back-end-golang/repositories/history_seen_hotel.go:31.16,33.3 1 0
back-end-golang/repositories/history_seen_hotel.go:42.117,46.2 3 0
back-end-golang/repositories/history_seen_hotel.go:48.136,51.2 2 0
back-end-golang/repositories/history_seen_hotel.go:53.136,56.2 2 0
back-end-golang/repositories/history_seen_hotel.go:58.136,61.2 2 0
back-end-golang/repositories/train.go:29.54,31.2 1 0
back-end-golang/repositories/train.go:35.65,44.2 3 0
back-end-golang/repositories/train.go:46.79,53.2 3 0
back-end-golang/repositories/train.go:55.113,61.47 2 0
back-end-golang/repositories/train.go:107.2,107.16 1 0
back-end-golang/repositories/train.go:111.2,111.20 1 0
back-end-golang/repositories/train.go:61.47,72.3 1 0
back-end-golang/repositories/train.go:72.8,72.54 1 0
back-end-golang/repositories/train.go:72.54,83.3 1 0
back-end-golang/repositories/train.go:83.8,83.54 1 0
back-end-golang/repositories/train.go:83.54,94.3 1 0
back-end-golang/repositories/train.go:94.8,105.3 1 0
back-end-golang/repositories/train.go:107.16,109.3 1 0
back-end-golang/repositories/train.go:114.71,118.2 3 0
back-end-golang/repositories/train.go:119.72,123.2 3 0
back-end-golang/repositories/train.go:125.92,129.2 3 0
back-end-golang/repositories/train.go:131.87,135.2 3 0
back-end-golang/repositories/train.go:137.118,140.16 3 0
back-end-golang/repositories/train.go:144.2,144.19 1 0
back-end-golang/repositories/train.go:140.16,142.3 1 0
back-end-golang/repositories/train.go:147.75,151.2 3 0
back-end-golang/repositories/train.go:153.76,157.2 3 0
back-end-golang/repositories/train.go:159.81,162.2 2 0
back-end-golang/repositories/train.go:164.81,167.2 2 0
back-end-golang/repositories/train.go:169.54,172.16 3 0
back-end-golang/repositories/train.go:176.2,180.16 3 0
back-end-golang/repositories/train.go:184.2,188.16 3 0
back-end-golang/repositories/train.go:192.2,192.12 1 0
back-end-golang/repositories/train.go:172.16,174.3 1 0
back-end-golang/repositories/train.go:180.16,182.3 1 0
back-end-golang/repositories/train.go:188.16,190.3 1 0
back-end-golang/repositories/train_seat.go:18.62,20.2 1 0
back-end-golang/repositories/train_seat.go:22.83,26.2 3 0
back-end-golang/repositories/train_seat.go:28.93,32.2 3 0
back-end-golang/repositories/user.go:28.52,30.2 1 0
back-end-golang/repositories/user.go:32.97,42.2 6 0
back-end-golang/repositories/user.go:44.86,47.15 3 0
back-end-golang/repositories/user.go:54.2,54.18 1 0
back-end-golang/repositories/user.go:47.15,50.3 2 0
back-end-golang/repositories/user.go:50.8,53.3 2 0
back-end-golang/repositories/user.go:57.68,61.2 3 0
back-end-golang/repositories/user.go:63.69,67.2 3 0
back-end-golang/repositories/user.go:69.76,73.2 3 0
back-end-golang/repositories/user.go:75.77,79.2 3 0
back-end-golang/repositories/user.go:81.86,85.2 3 0
back-end-golang/repositories/user.go:87.76,90.2 2 0
back-end-golang/repositories/user.go:92.92,93.15 1 0
back-end-golang/repositories/user.go:96.2,97.18 2 0
back-end-golang/repositories/user.go:93.15,95.3 1 0
back-end-golang/repositories/user.go:100.76,103.2 2 0
back-end-golang/repositories/user.go:105.92,107.14 2 0
back-end-golang/repositories/user.go:114.2,114.18 1 0
back-end-golang/repositories/user.go:107.14,110.3 2 0
back-end-golang/repositories/user.go:110.8,113.3 2 0
back-end-golang/repositories/ticket_order.go:22.66,24.2 1 0
back-end-golang/repositories/ticket_order.go:26.116,32.16 3 0
back-end-golang/repositories/ticket_order.go:36.2,40.38 3 0
back-end-golang/repositories/ticket_order.go:32.16,34.3 1 0
back-end-golang/repositories/ticket_order.go:43.121,45.17 2 0
back-end-golang/repositories/ticket_order.go:49.2,50.25 2 0
back-end-golang/repositories/ticket_order.go:45.17,48.3 2 0
back-end-golang/repositories/ticket_order.go:53.97,55.17 2 0
back-end-golang/repositories/ticket_order.go:59.2,60.25 2 0
back-end-golang/repositories/ticket_order.go:55.17,58.3 2 0
back-end-golang/repositories/ticket_order.go:63.111,66.2 2 0
back-end-golang/repositories/ticket_order.go:68.111,71.2 2 0
back-end-golang/repositories/ticket_order.go:73.111,76.2 2 0
